{
  "RSpec": {
    "coverage": {
      "/Users/krzysztofkasprzak/Projects/bookmarksmanager/app.rb": {
        "lines": [
          1,
          1,
          1,
          1,
          1,
          null,
          null,
          1,
          1,
          1,
          null,
          1,
          4,
          17,
          null,
          null,
          null,
          1,
          1,
          null,
          null,
          1,
          1,
          null,
          null,
          1,
          1,
          null,
          null,
          1,
          1,
          1,
          1,
          null,
          null,
          null,
          1,
          13,
          13,
          null,
          null,
          1,
          4,
          4,
          null,
          null,
          1,
          1,
          1,
          null,
          null,
          1,
          2,
          null,
          null,
          1,
          1,
          1,
          null,
          null,
          1,
          1,
          1,
          null,
          null,
          1,
          null
        ]
      },
      "/Users/krzysztofkasprzak/Projects/bookmarksmanager/lib/bookmark.rb": {
        "lines": [
          1,
          1,
          1,
          null,
          1,
          null,
          1,
          null,
          25,
          43,
          null,
          null,
          1,
          10,
          null,
          null,
          1,
          2,
          null,
          null,
          1,
          2,
          null,
          null,
          1,
          6,
          null,
          null,
          1,
          1,
          null,
          null
        ]
      },
      "/Users/krzysztofkasprzak/Projects/bookmarksmanager/lib/connection.rb": {
        "lines": [
          1,
          null,
          1,
          null,
          1,
          4,
          null,
          null,
          1,
          46,
          null,
          null,
          1,
          2,
          null,
          null,
          null
        ]
      },
      "/Users/krzysztofkasprzak/Projects/bookmarksmanager/lib/setup.rb": {
        "lines": [
          1,
          1,
          1,
          null,
          0,
          null
        ]
      },
      "/Users/krzysztofkasprzak/Projects/bookmarksmanager/lib/user.rb": {
        "lines": [
          1,
          null,
          1,
          1,
          null,
          1,
          5,
          5,
          null,
          null,
          1,
          3,
          3,
          null,
          null,
          1,
          14,
          2,
          2,
          null,
          null
        ]
      },
      "/Users/krzysztofkasprzak/Projects/bookmarksmanager/spec/bookmark_spec.rb": {
        "lines": [
          1,
          null,
          1,
          8,
          2,
          null,
          1,
          1,
          1,
          1,
          1,
          1,
          null,
          null,
          null,
          1,
          1,
          1,
          1,
          1,
          1,
          1,
          null,
          null,
          null,
          1,
          1,
          1,
          1,
          1,
          1,
          1,
          1,
          null,
          null,
          null,
          1,
          1,
          1,
          1,
          1,
          1,
          1,
          1,
          null,
          null,
          null,
          1,
          1,
          1,
          null,
          1,
          1,
          null,
          null,
          null,
          1,
          1,
          1,
          1,
          1,
          1,
          1,
          null,
          null,
          null
        ]
      },
      "/Users/krzysztofkasprzak/Projects/bookmarksmanager/spec/connection_spec.rb": {
        "lines": [
          1,
          null,
          1,
          4,
          null,
          1,
          1,
          1,
          1,
          null,
          null,
          null,
          1,
          1,
          1,
          1,
          null,
          null,
          null,
          1,
          1,
          1,
          1,
          1,
          null,
          null,
          null,
          null
        ]
      },
      "/Users/krzysztofkasprzak/Projects/bookmarksmanager/spec/features/add_bookmark_spec.rb": {
        "lines": [
          1,
          1,
          1,
          1,
          1,
          1,
          1,
          null,
          null
        ]
      },
      "/Users/krzysztofkasprzak/Projects/bookmarksmanager/spec/features/bookmarks_index_spec.rb": {
        "lines": [
          1,
          1,
          null,
          1,
          1,
          1,
          1,
          null,
          1,
          1,
          1,
          1,
          null,
          1,
          null,
          1,
          1,
          1,
          null,
          null,
          null
        ]
      },
      "/Users/krzysztofkasprzak/Projects/bookmarksmanager/spec/features/delete_bookmark_spec.rb": {
        "lines": [
          1,
          1,
          1,
          1,
          1,
          1,
          1,
          1,
          null,
          null
        ]
      },
      "/Users/krzysztofkasprzak/Projects/bookmarksmanager/spec/features/error_for_invalid_link_spec.rb": {
        "lines": [
          1,
          1,
          1,
          1,
          1,
          1,
          1,
          null,
          null
        ]
      },
      "/Users/krzysztofkasprzak/Projects/bookmarksmanager/spec/features/hello_test_spec.rb": {
        "lines": [
          1,
          1,
          1,
          1,
          null,
          null
        ]
      },
      "/Users/krzysztofkasprzak/Projects/bookmarksmanager/spec/features/update_bookmark_spec.rb": {
        "lines": [
          1,
          1,
          1,
          1,
          1,
          1,
          1,
          1,
          1,
          1,
          1,
          1,
          1,
          1,
          null,
          null
        ]
      },
      "/Users/krzysztofkasprzak/Projects/bookmarksmanager/spec/features/user_reg_spec.rb": {
        "lines": [
          1,
          1,
          1,
          1,
          1,
          1,
          1,
          null,
          null,
          null,
          null
        ]
      },
      "/Users/krzysztofkasprzak/Projects/bookmarksmanager/spec/user_spec.rb": {
        "lines": [
          1,
          null,
          1,
          null,
          1,
          1,
          1,
          1,
          1,
          1,
          1,
          1,
          null,
          null,
          1,
          1,
          1,
          1,
          null,
          null,
          null,
          null
        ]
      }
    },
    "timestamp": 1604608866
  }
}
